e:\source2\robotrepair-sdk\src\game\server\x64\debug\server.pch
e:\source2\robotrepair-sdk\src\game\server\x64\debug\vc140.pdb
e:\source2\robotrepair-sdk\src\game\server\x64\debug\vc140.idb
e:\source2\robotrepair-sdk\src\game\server\x64\debug\cbase.obj
e:\theklaxon\robotrepair-sdk\src\game\server\x64\debug\server.pch
e:\theklaxon\robotrepair-sdk\src\game\server\x64\debug\vc143.pdb
e:\theklaxon\robotrepair-sdk\src\game\server\x64\debug\vc143.idb
e:\theklaxon\robotrepair-sdk\src\game\server\x64\debug\cbase.obj
e:\source2\robotrepair-sdk\src\x64\debug\changeme.ilk
e:\source2\robotrepair-sdk\src\x64\debug\changeme.dll
e:\source2\robotrepair-sdk\src\x64\debug\server.pdb
e:\theklaxon\robotrepair-sdk\src\x64\debug\changeme.dll
e:\theklaxon\robotrepair-sdk\src\x64\debug\server.pdb
e:\theklaxon\robotrepair-sdk\src\game\server\x64\debug\server.ilk
e:\theklaxon\robotrepair-sdk\src\game\server\x64\debug\vc140.idb
e:\theklaxon\robotrepair-sdk\src\game\server\x64\debug\vc140.pdb
e:\theklaxon\robotrepair-sdk\src\game\server\x64\debug\server.tlog\cl.read.1.tlog
e:\theklaxon\robotrepair-sdk\src\game\server\x64\debug\server.tlog\cl.write.1.tlog
e:\theklaxon\robotrepair-sdk\src\game\server\x64\debug\server.tlog\cl.command.1.tlog
e:\theklaxon\robotrepair-sdk\src\game\server\x64\debug\server.tlog\link.read.2.tlog
e:\theklaxon\robotrepair-sdk\src\game\server\x64\debug\server.tlog\link.write.1.tlog
e:\theklaxon\robotrepair-sdk\src\game\server\x64\debug\server.tlog\link.command.1.tlog
e:\theklaxon\robotrepair-sdk\src\game\server\x64\debug\server.tlog\link.secondary.1.tlog
e:\theklaxon\robotrepair-sdk\src\game\server\x64\debug\server.tlog\cl.items.tlog
