e:\theklaxon\robotrepair-sdk\src\game\client\x64\debug\client.pch
e:\theklaxon\robotrepair-sdk\src\game\client\x64\debug\vc143.pdb
e:\theklaxon\robotrepair-sdk\src\game\client\x64\debug\vc143.idb
e:\theklaxon\robotrepair-sdk\src\game\client\x64\debug\source2_client.obj
e:\theklaxon\robotrepair-sdk\src\game\client\x64\debug\prediction2.obj
e:\theklaxon\robotrepair-sdk\src\game\client\x64\debug\cbase.obj
e:\theklaxon\robotrepair-sdk\src\game\client\x64\debug\memoverride.obj
e:\source2\robotrepair-sdk\game\vr\bin\win64\client.dll
e:\source2\robotrepair-sdk\game\vr\bin\win64\client.pdb
e:\theklaxon\robotrepair-sdk\game\vr\bin\win64\client.dll
e:\theklaxon\robotrepair-sdk\game\vr\bin\win64\client.pdb
e:\source2\robotrepair-sdk\game\vr\bin\win64\client.lib
e:\source2\robotrepair-sdk\game\vr\bin\win64\client.exp
e:\theklaxon\robotrepair-sdk\game\vr\bin\win64\client.lib
e:\theklaxon\robotrepair-sdk\game\vr\bin\win64\client.exp
e:\theklaxon\robotrepair-sdk\src\game\client\x64\debug\client.ilk
e:\theklaxon\robotrepair-sdk\src\game\client\x64\debug\client.vcxproj.assemblyreference.cache
e:\theklaxon\robotrepair-sdk\src\game\client\x64\debug\vc140.idb
e:\theklaxon\robotrepair-sdk\src\game\client\x64\debug\vc140.pdb
e:\theklaxon\robotrepair-sdk\src\game\client\x64\debug\client.tlog\cl.read.1.tlog
e:\theklaxon\robotrepair-sdk\src\game\client\x64\debug\client.tlog\cl.write.1.tlog
e:\theklaxon\robotrepair-sdk\src\game\client\x64\debug\client.tlog\cl.command.1.tlog
e:\theklaxon\robotrepair-sdk\src\game\client\x64\debug\client.tlog\link.read.3.tlog
e:\theklaxon\robotrepair-sdk\src\game\client\x64\debug\client.tlog\link.write.1.tlog
e:\theklaxon\robotrepair-sdk\src\game\client\x64\debug\client.tlog\link.command.1.tlog
e:\theklaxon\robotrepair-sdk\src\game\client\x64\debug\client.tlog\client.write.1u.tlog
e:\theklaxon\robotrepair-sdk\src\game\client\x64\debug\client.tlog\metagen.write.1.tlog
e:\theklaxon\robotrepair-sdk\src\game\client\x64\debug\client.tlog\link.secondary.1.tlog
e:\theklaxon\robotrepair-sdk\src\game\client\x64\debug\client.tlog\cl.items.tlog
